This is pdfTeXk, Version 3.141592-1.40.3 (Web2C 7.5.6) (format=latex 2008.11.25)  15 JAN 2009 14:13
entering extended mode
 %&-line parsing enabled.
**siunitx.ins
(./siunitx.ins
LaTeX2e <2005/12/01>
Babel <v3.8h> and hyphenation patterns for english, usenglishmax, dumylang, noh
yphenation, loaded.
(/usr/share/texmf-texlive/tex/latex/base/docstrip.tex
\blockLevel=\count79
\emptyLines=\count80
\processedLines=\count81
\commentsRemoved=\count82
\commentsPassed=\count83
\codeLinesPassed=\count84
\TotalprocessedLines=\count85
\TotalcommentsRemoved=\count86
\TotalcommentsPassed=\count87
\TotalcodeLinesPassed=\count88
\NumberOfFiles=\count89
\inFile=\read1
\inputcheck=\read2
\off@0=\count90
\off@1=\count91
\off@2=\count92
\off@3=\count93
\off@4=\count94
\off@5=\count95
\off@6=\count96
\off@7=\count97
\off@8=\count98
\off@9=\count99
\off@10=\count100
\off@11=\count101
\off@12=\count102
\off@13=\count103
\off@14=\count104
\off@15=\count105
\@maxfiles=\count106
\@maxoutfiles=\count107

Utility: `docstrip' 2.5d <2005/07/29>
English documentation    <1999/03/31>

**********************************************************
* This program converts documented macro-files into fast *
* loadable files by stripping off (nearly) all comments! *
**********************************************************

********************************************************
* No Configuration file found, using default settings. *
********************************************************

)
Generating siunitx files:

Generating file(s) ./jawltxdoc.sty 
\openout0 = `./jawltxdoc.sty'.


Processing file siunitx.dtx (jawltxdoc) -> jawltxdoc.sty
Lines  processed: 13717
Comments removed: 8309
Comments  passed: 0
Codelines passed: 5344


Generating file(s) ./siunitx.sty 
\openout0 = `./siunitx.sty'.


Processing file siunitx.dtx (package) -> siunitx.sty
Lines  processed: 13717
Comments removed: 8309
Comments  passed: 0
Codelines passed: 5344


Generating file(s) ./siunitx.ins 
\openout0 = `./siunitx.ins'.


Processing file siunitx.dtx (install) -> siunitx.ins
Lines  processed: 13717
Comments removed: 8309
Comments  passed: 0
Codelines passed: 5344


Generating file(s) ./si-bug.ltx 
\openout0 = `./si-bug.ltx'.


Processing file siunitx.dtx (bug) -> si-bug.ltx
Lines  processed: 13717
Comments removed: 8309
Comments  passed: 0
Codelines passed: 5344


Generating file(s) ./si-SIunits.cfg ./si-sistyle.cfg ./si-unitsdef.cfg ./si-uni
ts.cfg ./si-hepunits.cfg ./si-fancynum.cfg ./si-fancyunits.cfg 
\openout0 = `./si-SIunits.cfg'.

\openout1 = `./si-sistyle.cfg'.

\openout2 = `./si-unitsdef.cfg'.

\openout3 = `./si-units.cfg'.

\openout4 = `./si-hepunits.cfg'.

\openout5 = `./si-fancynum.cfg'.

\openout6 = `./si-fancyunits.cfg'.


Processing file siunitx.dtx (SIunits) -> si-SIunits.cfg
                            (sistyle) -> si-sistyle.cfg
                            (unitsdef) -> si-unitsdef.cfg
                            (units) -> si-units.cfg
                            (hepunits) -> si-hepunits.cfg
                            (fancynum) -> si-fancynum.cfg
                            (fancyunits) -> si-fancyunits.cfg
Lines  processed: 13717
Comments removed: 8309
Comments  passed: 0
Codelines passed: 5344


Generating file(s) ./si-prefix.cfg ./si-named.cfg ./si-prefixed.cfg ./si-addn.c
fg ./si-accepted.cfg ./si-physical.cfg ./si-abbr.cfg 
\openout0 = `./si-prefix.cfg'.

\openout1 = `./si-named.cfg'.

\openout2 = `./si-prefixed.cfg'.

\openout3 = `./si-addn.cfg'.

\openout4 = `./si-accepted.cfg'.

\openout5 = `./si-physical.cfg'.

\openout6 = `./si-abbr.cfg'.


Processing file siunitx.dtx (prefix) -> si-prefix.cfg
                            (named) -> si-named.cfg
                            (prefixed) -> si-prefixed.cfg
                            (addn) -> si-addn.cfg
                            (accepted) -> si-accepted.cfg
                            (physical) -> si-physical.cfg
                            (abbr) -> si-abbr.cfg
Lines  processed: 13717
Comments removed: 8309
Comments  passed: 0
Codelines passed: 5344


Generating file(s) ./si-synchem.cfg ./si-hep.cfg ./si-astro.cfg ./si-geophys.cf
g ./si-binary.cfg 
\openout0 = `./si-synchem.cfg'.

\openout1 = `./si-hep.cfg'.

\openout2 = `./si-astro.cfg'.

\openout3 = `./si-geophys.cfg'.

\openout4 = `./si-binary.cfg'.


Processing file siunitx.dtx (synchem) -> si-synchem.cfg
                            (hep) -> si-hep.cfg
                            (astro) -> si-astro.cfg
                            (geophys) -> si-geophys.cfg
                            (binary) -> si-binary.cfg
Lines  processed: 13717
Comments removed: 8309
Comments  passed: 0
Codelines passed: 5344


Generating file(s) ./si-UK.cfg ./si-USA.cfg ./si-DE.cfg ./si-ZA.cfg 
\openout0 = `./si-UK.cfg'.

\openout1 = `./si-USA.cfg'.

\openout2 = `./si-DE.cfg'.

\openout3 = `./si-ZA.cfg'.


Processing file siunitx.dtx (UK) -> si-UK.cfg
                            (USA) -> si-USA.cfg
                            (DE) -> si-DE.cfg
                            (ZA) -> si-ZA.cfg
Lines  processed: 13717
Comments removed: 8309
Comments  passed: 0
Codelines passed: 5344


Generating file(s) ./README.txt ./siunitx.bib 
\openout0 = `./README.txt'.

\openout1 = `./siunitx.bib'.


Processing file siunitx.dtx (readme) -> README.txt
                            (refs) -> siunitx.bib
Lines  processed: 13717
Comments removed: 8309
Comments  passed: 0
Codelines passed: 5344

Overall statistics:
Files  processed: 9
Lines  processed: 123453
Comments removed: 74781
Comments  passed: 0
Codelines passed: 48096
 ) 
Here is how much of TeX's memory you used:
 559 strings out of 95087
 6344 string characters out of 1183277
 53053 words of memory out of 1500000
 3797 multiletter control sequences out of 10000+50000
 3640 words of font info for 14 fonts, out of 1200000 for 2000
 28 hyphenation exceptions out of 8191
 11i,0n,15p,121b,218s stack positions out of 5000i,500n,6000p,200000b,5000s

No pages of output.
